  Camera.cpp
  Mesh.cpp
  P04-319239748.cpp
C:\Users\Lap\OneDrive - UNIVERSIDAD NACIONAL AUTÓNOMA DE MÉXICO\Documents\Visual Studio 2022\CGL02_P2\P4\Window.h(12,36): warning C4244: 'return': conversión de 'GLint' a 'GLfloat'; posible pérdida de datos
  (compilando archivo de origen "P04-319239748.cpp")
  
C:\Users\Lap\OneDrive - UNIVERSIDAD NACIONAL AUTÓNOMA DE MÉXICO\Documents\Visual Studio 2022\CGL02_P2\P4\Window.h(13,37): warning C4244: 'return': conversión de 'GLint' a 'GLfloat'; posible pérdida de datos
  (compilando archivo de origen "P04-319239748.cpp")
  
C:\Users\Lap\OneDrive - UNIVERSIDAD NACIONAL AUTÓNOMA DE MÉXICO\Documents\Visual Studio 2022\CGL02_P2\P4\P04-319239748.cpp(28,36): warning C4305: 'inicializando': truncamiento de 'double' a 'float'
C:\Users\Lap\OneDrive - UNIVERSIDAD NACIONAL AUTÓNOMA DE MÉXICO\Documents\Visual Studio 2022\CGL02_P2\P4\P04-319239748.cpp(191,16): warning C4018: '<': no coinciden signed/unsigned
C:\Users\Lap\OneDrive - UNIVERSIDAD NACIONAL AUTÓNOMA DE MÉXICO\Documents\Visual Studio 2022\CGL02_P2\P4\P04-319239748.cpp(233,32): warning C4244: 'argumento': conversión de 'double' a '_Ty'; posible pérdida de datos
C:\Users\Lap\OneDrive - UNIVERSIDAD NACIONAL AUTÓNOMA DE MÉXICO\Documents\Visual Studio 2022\CGL02_P2\P4\P04-319239748.cpp(233,32): warning C4244:         with
C:\Users\Lap\OneDrive - UNIVERSIDAD NACIONAL AUTÓNOMA DE MÉXICO\Documents\Visual Studio 2022\CGL02_P2\P4\P04-319239748.cpp(233,32): warning C4244:         [
C:\Users\Lap\OneDrive - UNIVERSIDAD NACIONAL AUTÓNOMA DE MÉXICO\Documents\Visual Studio 2022\CGL02_P2\P4\P04-319239748.cpp(233,32): warning C4244:             _Ty=GLfloat
C:\Users\Lap\OneDrive - UNIVERSIDAD NACIONAL AUTÓNOMA DE MÉXICO\Documents\Visual Studio 2022\CGL02_P2\P4\P04-319239748.cpp(233,32): warning C4244:         ]
C:\Users\Lap\OneDrive - UNIVERSIDAD NACIONAL AUTÓNOMA DE MÉXICO\Documents\Visual Studio 2022\CGL02_P2\P4\P04-319239748.cpp(235,32): warning C4244: 'argumento': conversión de 'double' a '_Ty'; posible pérdida de datos
C:\Users\Lap\OneDrive - UNIVERSIDAD NACIONAL AUTÓNOMA DE MÉXICO\Documents\Visual Studio 2022\CGL02_P2\P4\P04-319239748.cpp(235,32): warning C4244:         with
C:\Users\Lap\OneDrive - UNIVERSIDAD NACIONAL AUTÓNOMA DE MÉXICO\Documents\Visual Studio 2022\CGL02_P2\P4\P04-319239748.cpp(235,32): warning C4244:         [
C:\Users\Lap\OneDrive - UNIVERSIDAD NACIONAL AUTÓNOMA DE MÉXICO\Documents\Visual Studio 2022\CGL02_P2\P4\P04-319239748.cpp(235,32): warning C4244:             _Ty=GLfloat
C:\Users\Lap\OneDrive - UNIVERSIDAD NACIONAL AUTÓNOMA DE MÉXICO\Documents\Visual Studio 2022\CGL02_P2\P4\P04-319239748.cpp(235,32): warning C4244:         ]
C:\Users\Lap\OneDrive - UNIVERSIDAD NACIONAL AUTÓNOMA DE MÉXICO\Documents\Visual Studio 2022\CGL02_P2\P4\P04-319239748.cpp(326,15): warning C4244: 'inicializando': conversión de 'double' a 'GLfloat'; posible pérdida de datos
C:\Users\Lap\OneDrive - UNIVERSIDAD NACIONAL AUTÓNOMA DE MÉXICO\Documents\Visual Studio 2022\CGL02_P2\P4\P04-319239748.cpp(328,33): warning C4244: '+=': conversión de 'double' a 'GLfloat'; posible pérdida de datos
  Shader.cpp
  Sphere.cpp
C:\Users\Lap\OneDrive - UNIVERSIDAD NACIONAL AUTÓNOMA DE MÉXICO\Documents\Visual Studio 2022\CGL02_P2\P4\Sphere.cpp(39,13): warning C4244: 'inicializando': conversión de 'double' a 'float'; posible pérdida de datos
C:\Users\Lap\OneDrive - UNIVERSIDAD NACIONAL AUTÓNOMA DE MÉXICO\Documents\Visual Studio 2022\CGL02_P2\P4\Sphere.cpp(43,16): warning C4244: 'inicializando': conversión de 'double' a 'float'; posible pérdida de datos
  Window.cpp
C:\Users\Lap\OneDrive - UNIVERSIDAD NACIONAL AUTÓNOMA DE MÉXICO\Documents\Visual Studio 2022\CGL02_P2\P4\Window.h(12,36): warning C4244: 'return': conversión de 'GLint' a 'GLfloat'; posible pérdida de datos
  (compilando archivo de origen "Window.cpp")
  
C:\Users\Lap\OneDrive - UNIVERSIDAD NACIONAL AUTÓNOMA DE MÉXICO\Documents\Visual Studio 2022\CGL02_P2\P4\Window.h(13,37): warning C4244: 'return': conversión de 'GLint' a 'GLfloat'; posible pérdida de datos
  (compilando archivo de origen "Window.cpp")
  
C:\Users\Lap\OneDrive - UNIVERSIDAD NACIONAL AUTÓNOMA DE MÉXICO\Documents\Visual Studio 2022\CGL02_P2\P4\Window.cpp(203,22): warning C4244: '=': conversión de 'double' a 'GLfloat'; posible pérdida de datos
C:\Users\Lap\OneDrive - UNIVERSIDAD NACIONAL AUTÓNOMA DE MÉXICO\Documents\Visual Studio 2022\CGL02_P2\P4\Window.cpp(204,22): warning C4244: '=': conversión de 'double' a 'GLfloat'; posible pérdida de datos
C:\Users\Lap\OneDrive - UNIVERSIDAD NACIONAL AUTÓNOMA DE MÉXICO\Documents\Visual Studio 2022\CGL02_P2\P4\Window.cpp(208,28): warning C4244: '=': conversión de 'double' a 'GLfloat'; posible pérdida de datos
C:\Users\Lap\OneDrive - UNIVERSIDAD NACIONAL AUTÓNOMA DE MÉXICO\Documents\Visual Studio 2022\CGL02_P2\P4\Window.cpp(209,40): warning C4244: '=': conversión de 'double' a 'GLfloat'; posible pérdida de datos
C:\Users\Lap\OneDrive - UNIVERSIDAD NACIONAL AUTÓNOMA DE MÉXICO\Documents\Visual Studio 2022\CGL02_P2\P4\Window.cpp(211,21): warning C4244: '=': conversión de 'double' a 'GLfloat'; posible pérdida de datos
C:\Users\Lap\OneDrive - UNIVERSIDAD NACIONAL AUTÓNOMA DE MÉXICO\Documents\Visual Studio 2022\CGL02_P2\P4\Window.cpp(212,21): warning C4244: '=': conversión de 'double' a 'GLfloat'; posible pérdida de datos
  Generando código
  Previous IPDB not found, fall back to full compilation.
C:\Users\Lap\OneDrive - UNIVERSIDAD NACIONAL AUTÓNOMA DE MÉXICO\Documents\Visual Studio 2022\CGL02_P2\P4\Window.cpp(89): warning C4715: 'Window::Initialise': no todas las rutas de acceso de control devuelven un valor
  All 628 functions were compiled because no usable IPDB/IOBJ from previous compilation was found.
  Generación de código finalizada
  P4.vcxproj -> C:\Users\Lap\OneDrive - UNIVERSIDAD NACIONAL AUTÓNOMA DE MÉXICO\Documents\Visual Studio 2022\CGL02_P2\Release\P4.exe
